#
# There is insufficient memory for the Java Runtime Environment to continue.
# Native memory allocation (malloc) failed to allocate 1048576 bytes for AllocateHeap
# Possible reasons:
#   The system is out of physical RAM or swap space
#   The process is running with CompressedOops enabled, and the Java Heap may be blocking the growth of the native heap
# Possible solutions:
#   Reduce memory load on the system
#   Increase physical memory or swap space
#   Check if swap backing store is full
#   Decrease Java heap size (-Xmx/-Xms)
#   Decrease number of Java threads
#   Decrease Java thread stack sizes (-Xss)
#   Set larger code cache with -XX:ReservedCodeCacheSize=
#   JVM is running with Unscaled Compressed Oops mode in which the Java heap is
#     placed in the first 4GB address space. The Java Heap base address is the
#     maximum limit for the native heap growth. Please use -XX:HeapBaseMinAddress
#     to set the Java Heap base and to place the Java Heap above 4GB virtual address.
# This output file may be truncated or incomplete.
#
#  Out of Memory Error (allocation.cpp:44), pid=15380, tid=4016
#
# JRE version:  (17.0.11+7) (build )
# Java VM: Java HotSpot(TM) 64-Bit Server VM (17.0.11+7-LTS-207, mixed mode, sharing, tiered, compressed oops, compressed class ptrs, g1 gc, windows-amd64)
# No core dump will be written. Minidumps are not enabled by default on client versions of Windows
#

---------------  S U M M A R Y ------------

Command Line: -Xmx64m -Xms64m -Dorg.gradle.appname=gradlew org.gradle.wrapper.GradleWrapperMain app:installDebug -PreactNativeDevServerPort=8081

Host: AMD Ryzen 7 5800H with Radeon Graphics         , 16 cores, 15G,  Windows 11 , 64 bit Build 22621 (10.0.22621.4391)
Time: Wed Nov 27 17:43:22 2024 SE Asia Standard Time elapsed time: 0.009231 seconds (0d 0h 0m 0s)

---------------  T H R E A D  ---------------

Current thread (0x00000247f048dff0):  JavaThread "Unknown thread" [_thread_in_vm, id=4016, stack(0x0000004b05e00000,0x0000004b05f00000)]

Stack: [0x0000004b05e00000,0x0000004b05f00000]
Native frames: (J=compiled Java code, j=interpreted, Vv=VM code, C=native code)
V  [jvm.dll+0x679cca]
V  [jvm.dll+0x7da13d]
V  [jvm.dll+0x7dba83]
V  [jvm.dll+0x7dc0f3]
V  [jvm.dll+0x2449af]
V  [jvm.dll+0xa5e73]
V  [jvm.dll+0x2d4767]
V  [jvm.dll+0x7ac67c]
V  [jvm.dll+0x366f61]
V  [jvm.dll+0x78b609]
V  [jvm.dll+0x3ec22f]
V  [jvm.dll+0x3ede61]
C  [jli.dll+0x5297]
C  [ucrtbase.dll+0x29333]
C  [KERNEL32.DLL+0x1259d]
C  [ntdll.dll+0x5af38]


---------------  P R O C E S S  ---------------

Threads class SMR info:
_java_thread_list=0x00007ffcfddb7a18, length=0, elements={
}

Java Threads: ( => current thread )

Other Threads:

=>0x00000247f048dff0 (exited) JavaThread "Unknown thread" [_thread_in_vm, id=4016, stack(0x0000004b05e00000,0x0000004b05f00000)]

Threads with active compile tasks:

VM state: not at safepoint (not fully initialized)

VM Mutex/Monitor currently owned by a thread: None

Heap address: 0x0000000000000000, size: 0 MB, Compressed Oops mode: 32-bit

CDS archive(s) mapped at: [0x0000000000000000-0x0000000000000000-0x0000000000000000), size 0, SharedBaseAddress: 0x0000000800000000, ArchiveRelocationMode: 1.
Narrow klass base: 0x0000000000000000, Narrow klass shift: 0, Narrow klass range: 0x0

GC Precious Log:
<Empty>

GC Heap History (0 events):
No events

Deoptimization events (0 events):
No events

Classes unloaded (0 events):
No events

Classes redefined (0 events):
No events

Internal exceptions (0 events):
No events

VM Operations (0 events):
No events

Events (1 events):
Event: 0.006 Loaded shared library C:\Program Files\Java\jdk-17\bin\java.dll


Dynamic libraries:
0x00007ff670d60000 - 0x00007ff670d70000 	C:\Program Files\Java\jdk-17\bin\java.exe
0x00007ffdb7470000 - 0x00007ffdb7687000 	C:\WINDOWS\SYSTEM32\ntdll.dll
0x00007ffdb5440000 - 0x00007ffdb5504000 	C:\WINDOWS\System32\KERNEL32.DLL
0x00007ffdb4bb0000 - 0x00007ffdb4f6a000 	C:\WINDOWS\System32\KERNELBASE.dll
0x00007ffdb4970000 - 0x00007ffdb4a81000 	C:\WINDOWS\System32\ucrtbase.dll
0x00007ffd84ba0000 - 0x00007ffd84bb9000 	C:\Program Files\Java\jdk-17\bin\jli.dll
0x00007ffd85e10000 - 0x00007ffd85e2b000 	C:\Program Files\Java\jdk-17\bin\VCRUNTIME140.dll
0x00007ffdb5c70000 - 0x00007ffdb5d22000 	C:\WINDOWS\System32\ADVAPI32.dll
0x00007ffdb5180000 - 0x00007ffdb5227000 	C:\WINDOWS\System32\msvcrt.dll
0x00007ffdb5a00000 - 0x00007ffdb5aa7000 	C:\WINDOWS\System32\sechost.dll
0x00007ffdb4750000 - 0x00007ffdb4778000 	C:\WINDOWS\System32\bcrypt.dll
0x00007ffdb6f80000 - 0x00007ffdb7094000 	C:\WINDOWS\System32\RPCRT4.dll
0x00007ffdb6cd0000 - 0x00007ffdb6e7e000 	C:\WINDOWS\System32\USER32.dll
0x00007ffda2750000 - 0x00007ffda29e2000 	C:\WINDOWS\WinSxS\amd64_microsoft.windows.common-controls_6595b64144ccf1df_6.0.22621.4541_none_2710d1c57384c085\COMCTL32.dll
0x00007ffdb48c0000 - 0x00007ffdb48e6000 	C:\WINDOWS\System32\win32u.dll
0x00007ffdb5230000 - 0x00007ffdb5259000 	C:\WINDOWS\System32\GDI32.dll
0x00007ffdb4a90000 - 0x00007ffdb4bab000 	C:\WINDOWS\System32\gdi32full.dll
0x00007ffdb4f70000 - 0x00007ffdb500a000 	C:\WINDOWS\System32\msvcp_win.dll
0x00007ffdab820000 - 0x00007ffdab82a000 	C:\WINDOWS\SYSTEM32\VERSION.dll
0x00007ffdb5e30000 - 0x00007ffdb5e61000 	C:\WINDOWS\System32\IMM32.DLL
0x00007ffd95d40000 - 0x00007ffd95d4c000 	C:\Program Files\Java\jdk-17\bin\vcruntime140_1.dll
0x00007ffd6d710000 - 0x00007ffd6d79e000 	C:\Program Files\Java\jdk-17\bin\msvcp140.dll
0x00007ffcfd300000 - 0x00007ffcfdee0000 	C:\Program Files\Java\jdk-17\bin\server\jvm.dll
0x00007ffdb59f0000 - 0x00007ffdb59f8000 	C:\WINDOWS\System32\PSAPI.DLL
0x00007ffd8d6e0000 - 0x00007ffd8d6e9000 	C:\WINDOWS\SYSTEM32\WSOCK32.dll
0x00007ffdac5d0000 - 0x00007ffdac604000 	C:\WINDOWS\SYSTEM32\WINMM.dll
0x00007ffdb5d90000 - 0x00007ffdb5e01000 	C:\WINDOWS\System32\WS2_32.dll
0x00007ffdb36f0000 - 0x00007ffdb3708000 	C:\WINDOWS\SYSTEM32\kernel.appcore.dll
0x00007ffd88230000 - 0x00007ffd8823a000 	C:\Program Files\Java\jdk-17\bin\jimage.dll
0x00007ffda8890000 - 0x00007ffda8ac2000 	C:\WINDOWS\SYSTEM32\DBGHELP.DLL
0x00007ffdb70a0000 - 0x00007ffdb742f000 	C:\WINDOWS\System32\combase.dll
0x00007ffdb6bf0000 - 0x00007ffdb6cc7000 	C:\WINDOWS\System32\OLEAUT32.dll
0x00007ffda0d20000 - 0x00007ffda0d52000 	C:\WINDOWS\SYSTEM32\dbgcore.DLL
0x00007ffdb4780000 - 0x00007ffdb47fb000 	C:\WINDOWS\System32\bcryptPrimitives.dll
0x00007ffd84840000 - 0x00007ffd84865000 	C:\Program Files\Java\jdk-17\bin\java.dll

dbghelp: loaded successfully - version: 4.0.5 - missing functions: none
symbol engine: initialized successfully - sym options: 0x614 - pdb path: .;C:\Program Files\Java\jdk-17\bin;C:\WINDOWS\SYSTEM32;C:\WINDOWS\WinSxS\amd64_microsoft.windows.common-controls_6595b64144ccf1df_6.0.22621.4541_none_2710d1c57384c085;C:\Program Files\Java\jdk-17\bin\server

VM Arguments:
jvm_args: -Xmx64m -Xms64m -Dorg.gradle.appname=gradlew 
java_command: org.gradle.wrapper.GradleWrapperMain app:installDebug -PreactNativeDevServerPort=8081
java_class_path (initial): D:\WORD\FE_CampusPoly\android\\gradle\wrapper\gradle-wrapper.jar
Launcher Type: SUN_STANDARD

[Global flags]
     intx CICompilerCount                          = 12                                        {product} {ergonomic}
     uint ConcGCThreads                            = 3                                         {product} {ergonomic}
     uint G1ConcRefinementThreads                  = 13                                        {product} {ergonomic}
   size_t G1HeapRegionSize                         = 1048576                                   {product} {ergonomic}
    uintx GCDrainStackTargetSize                   = 64                                        {product} {ergonomic}
   size_t InitialHeapSize                          = 67108864                                  {product} {command line}
   size_t MarkStackSize                            = 4194304                                   {product} {ergonomic}
   size_t MaxHeapSize                              = 67108864                                  {product} {command line}
   size_t MinHeapDeltaBytes                        = 1048576                                   {product} {ergonomic}
   size_t MinHeapSize                              = 67108864                                  {product} {command line}
    uintx NonNMethodCodeHeapSize                   = 7602480                                {pd product} {ergonomic}
    uintx NonProfiledCodeHeapSize                  = 122027880                              {pd product} {ergonomic}
    uintx ProfiledCodeHeapSize                     = 122027880                              {pd product} {ergonomic}
    uintx ReservedCodeCacheSize                    = 251658240                              {pd product} {ergonomic}
     bool SegmentedCodeCache                       = true                                      {product} {ergonomic}
   size_t SoftMaxHeapSize                          = 67108864                               {manageable} {ergonomic}
     bool UseCompressedClassPointers               = true                           {product lp64_product} {ergonomic}
     bool UseCompressedOops                        = true                           {product lp64_product} {ergonomic}
     bool UseG1GC                                  = true                                      {product} {ergonomic}
     bool UseLargePagesIndividualAllocation        = false                                  {pd product} {ergonomic}

Logging:
Log output configuration:
 #0: stdout all=warning uptime,level,tags
 #1: stderr all=off uptime,level,tags

Environment Variables:
JAVA_HOME=C:\Program Files\Java\jdk-17
CLASSPATH=D:\WORD\FE_CampusPoly\android\\gradle\wrapper\gradle-wrapper.jar
PATH=D:\WORD\FE_CampusPoly\node_modules\.bin;D:\WORD\FE_CampusPoly\node_modules\.bin;D:\WORD\node_modules\.bin;D:\node_modules\.bin;C:\Users\singa\AppData\Roaming\npm\node_modules\npm\node_modules\@npmcli\run-script\lib\node-gyp-bin;D:\WORD\FE_CampusPoly\node_modules\.bin;D:\WORD\node_modules\.bin;D:\node_modules\.bin;C:\Users\singa\AppData\Roaming\npm\node_modules\npm\node_modules\@npmcli\run-script\lib\node-gyp-bin;C:\Program Files\Microsoft MPI\Bin\;C:\Program Files\Common Files\Oracle\Java\javapath;C:\WINDOWS\system32;C:\WINDOWS;C:\WINDOWS\System32\Wbem;C:\WINDOWS\System32\WindowsPowerShell\v1.0\;C:\WINDOWS\System32\OpenSSH\;D:\Flutter\flutter\bin;C:\Program Files\Cloudflare\Cloudflare WARP\;C:\ProgramData\chocolatey\bin;C:\Program Files (x86)\Yarn\bin\;C:\Program Files\nodejs\;C:\Program Files\dotnet\;C:\Program Files (x86)\NVIDIA Corporation\PhysX\Common;C:\Program Files (x86)\Microsoft SQL Server\160\Tools\Binn\;C:\Program Files\Microsoft SQL Server\160\Tools\Binn\;C:\Program Files\Microsoft SQL Server\Client SDK\ODBC\170\Tools\Binn\;C:\Program Files\Microsoft SQL Server\160\DTS\Binn\;C:\Program Files (x86)\Microsoft SQL Server\160\DTS\Binn\;C:\Program Files\Docker\Docker\resources\bin;C:\Program Files (x86)\oh-my-posh\bin;C:\Program Files\Git\cmd;C:\Users\singa\.cargo\bin;C:\Users\singa\.local\share\solana\install\active_release\bin;C:\Users\singa\AppData\Local\Programs\Python\Python311\Scripts\;C:\Users\singa\AppData\Local\Programs\Python\Python311\;C:\Users\singa\AppData\Local\Programs\Python\Launcher\;C:\Users\singa\AppData\Local\Android\Sdk\tools;C:\Users\singa\AppData\Local\Microsoft\WindowsApps;D:\VsCode\Microsoft VS Code\bin;C:\Users\singa\AppData\Local\Android\Sdk\platforms;C:\Users\singa\AppData\Local\Android\Sdk\platform-tools;C:\Users\singa\AppData\Local\Android\Sdk\emulator;D:\Flutter\flutter\bin;C:\Users\singa\AppData\Local\Yarn\bin;C:\Users\singa\AppData\Local\Pub\Cache\bin;C:\Users\singa\AppData\Roaming\npm;C:\Users\singa\AppData\Local\GitHubDesk
USERNAME=singa
LANG=en_US.UTF-8
OS=Windows_NT
PROCESSOR_IDENTIFIER=AMD64 Family 25 Model 80 Stepping 0, AuthenticAMD



---------------  S Y S T E M  ---------------

OS:
 Windows 11 , 64 bit Build 22621 (10.0.22621.4391)
OS uptime: 0 days 7:34 hours
Hyper-V role detected

CPU: total 16 (initial active 16) (16 cores per cpu, 2 threads per core) family 25 model 80 stepping 0 microcode 0x0, cx8, cmov, fxsr, ht, mmx, 3dnowpref, sse, sse2, sse3, ssse3, sse4a, sse4.1, sse4.2, popcnt, lzcnt, tsc, tscinvbit, avx, avx2, aes, erms, clmul, bmi1, bmi2, adx, sha, fma, vzeroupper, clflush, clflushopt, hv

Memory: 4k page, system-wide physical 15724M (1824M free)
TotalPageFile size 25724M (AvailPageFile size 10M)
current process WorkingSet (physical memory assigned to process): 10M, peak: 10M
current process commit charge ("private bytes"): 12M, peak: 13M

vm_info: Java HotSpot(TM) 64-Bit Server VM (17.0.11+7-LTS-207) for windows-amd64 JRE (17.0.11+7-LTS-207), built on Mar 11 2024 19:01:50 by "mach5one" with MS VC++ 17.6 (VS2022)

END.
