#
# There is insufficient memory for the Java Runtime Environment to continue.
# Native memory allocation (mmap) failed to map 257949696 bytes for G1 virtual space
# Possible reasons:
#   The system is out of physical RAM or swap space
#   The process is running with CompressedOops enabled, and the Java Heap may be blocking the growth of the native heap
# Possible solutions:
#   Reduce memory load on the system
#   Increase physical memory or swap space
#   Check if swap backing store is full
#   Decrease Java heap size (-Xmx/-Xms)
#   Decrease number of Java threads
#   Decrease Java thread stack sizes (-Xss)
#   Set larger code cache with -XX:ReservedCodeCacheSize=
#   JVM is running with Zero Based Compressed Oops mode in which the Java heap is
#     placed in the first 32GB address space. The Java Heap base address is the
#     maximum limit for the native heap growth. Please use -XX:HeapBaseMinAddress
#     to set the Java Heap base and to place the Java Heap above 32GB virtual address.
# This output file may be truncated or incomplete.
#
#  Out of Memory Error (os_windows.cpp:3548), pid=30684, tid=29184
#
# JRE version:  (17.0.11+7) (build )
# Java VM: Java HotSpot(TM) 64-Bit Server VM (17.0.11+7-LTS-207, mixed mode, sharing, tiered, compressed oops, compressed class ptrs, g1 gc, windows-amd64)
# No core dump will be written. Minidumps are not enabled by default on client versions of Windows
#

---------------  S U M M A R Y ------------

Command Line: org.jetbrains.kotlin.cli.jvm.K2JVMCompiler @D:\WORD\FE_CampusPoly\android\app\build\20241203_4005529458835302090.compiler.options

Host: AMD Ryzen 7 5800H with Radeon Graphics         , 16 cores, 15G,  Windows 11 , 64 bit Build 22621 (10.0.22621.4391)
Time: Tue Dec  3 20:37:41 2024 SE Asia Standard Time elapsed time: 0.015731 seconds (0d 0h 0m 0s)

---------------  T H R E A D  ---------------

Current thread (0x000002646845a8f0):  JavaThread "Unknown thread" [_thread_in_vm, id=29184, stack(0x000000eb6fd00000,0x000000eb6fe00000)]

Stack: [0x000000eb6fd00000,0x000000eb6fe00000]
Native frames: (J=compiled Java code, j=interpreted, Vv=VM code, C=native code)
V  [jvm.dll+0x679cca]
V  [jvm.dll+0x7da13d]
V  [jvm.dll+0x7dba83]
V  [jvm.dll+0x7dc0f3]
V  [jvm.dll+0x2449af]
V  [jvm.dll+0x676ce9]
V  [jvm.dll+0x66b852]
V  [jvm.dll+0x3018d6]
V  [jvm.dll+0x308e76]
V  [jvm.dll+0x3596ee]
V  [jvm.dll+0x35991f]
V  [jvm.dll+0x2d89a8]
V  [jvm.dll+0x2d9914]
V  [jvm.dll+0x7ac6b1]
V  [jvm.dll+0x366f61]
V  [jvm.dll+0x78b609]
V  [jvm.dll+0x3ec22f]
V  [jvm.dll+0x3ede61]
C  [jli.dll+0x5297]
C  [ucrtbase.dll+0x29333]
C  [KERNEL32.DLL+0x1259d]
C  [ntdll.dll+0x5af38]


---------------  P R O C E S S  ---------------

Threads class SMR info:
_java_thread_list=0x00007ff8fd157a18, length=0, elements={
}

Java Threads: ( => current thread )

Other Threads:
  0x00000264684c44d0 GCTaskThread "GC Thread#0" [stack: 0x000000eb6fe00000,0x000000eb6ff00000] [id=17028]
  0x00000264684d58f0 ConcurrentGCThread "G1 Main Marker" [stack: 0x000000eb6ff00000,0x000000eb70000000] [id=15424]
  0x00000264684d79c0 ConcurrentGCThread "G1 Conc#0" [stack: 0x000000eb70000000,0x000000eb70100000] [id=26520]

[error occurred during error reporting (printing all threads), id 0xc0000005, EXCEPTION_ACCESS_VIOLATION (0xc0000005) at pc=0x00007ff8fc989497]

VM state: not at safepoint (not fully initialized)

VM Mutex/Monitor currently owned by a thread:  ([mutex/lock_event])
[0x00000264684569b0] Heap_lock - owner thread: 0x000002646845a8f0

Heap address: 0x000000070a400000, size: 3932 MB, Compressed Oops mode: Zero based, Oop shift amount: 3

CDS archive(s) mapped at: [0x0000000000000000-0x0000000000000000-0x0000000000000000), size 0, SharedBaseAddress: 0x0000000800000000, ArchiveRelocationMode: 1.
Narrow klass base: 0x0000000000000000, Narrow klass shift: 0, Narrow klass range: 0x0

GC Precious Log:
<Empty>

Heap:
 garbage-first heap   total 0K, used 0K [0x000000070a400000, 0x0000000800000000)
  region size 2048K, 0 young (0K), 0 survivors (0K)

[error occurred during error reporting (printing heap information), id 0xc0000005, EXCEPTION_ACCESS_VIOLATION (0xc0000005) at pc=0x00007ff8fcd73559]

GC Heap History (0 events):
No events

Deoptimization events (0 events):
No events

Classes unloaded (0 events):
No events

Classes redefined (0 events):
No events

Internal exceptions (0 events):
No events

VM Operations (0 events):
No events

Events (1 events):
Event: 0.010 Loaded shared library C:\Program Files\Java\jdk-17\bin\java.dll


Dynamic libraries:
0x00007ff7fd020000 - 0x00007ff7fd030000 	C:\Program Files\Java\jdk-17\bin\java.exe
0x00007ff98c8b0000 - 0x00007ff98cac7000 	C:\WINDOWS\SYSTEM32\ntdll.dll
0x00007ff98ae40000 - 0x00007ff98af04000 	C:\WINDOWS\System32\KERNEL32.DLL
0x00007ff989d60000 - 0x00007ff98a11a000 	C:\WINDOWS\System32\KERNELBASE.dll
0x00007ff989c40000 - 0x00007ff989d51000 	C:\WINDOWS\System32\ucrtbase.dll
0x00007ff978980000 - 0x00007ff978999000 	C:\Program Files\Java\jdk-17\bin\jli.dll
0x00007ff965540000 - 0x00007ff96555b000 	C:\Program Files\Java\jdk-17\bin\VCRUNTIME140.dll
0x00007ff98c070000 - 0x00007ff98c122000 	C:\WINDOWS\System32\ADVAPI32.dll
0x00007ff98c130000 - 0x00007ff98c1d7000 	C:\WINDOWS\System32\msvcrt.dll
0x00007ff98af50000 - 0x00007ff98aff7000 	C:\WINDOWS\System32\sechost.dll
0x00007ff989c10000 - 0x00007ff989c38000 	C:\WINDOWS\System32\bcrypt.dll
0x00007ff98a790000 - 0x00007ff98a8a4000 	C:\WINDOWS\System32\RPCRT4.dll
0x00007ff98b2b0000 - 0x00007ff98b45e000 	C:\WINDOWS\System32\USER32.dll
0x00007ff98a240000 - 0x00007ff98a266000 	C:\WINDOWS\System32\win32u.dll
0x00007ff978280000 - 0x00007ff978512000 	C:\WINDOWS\WinSxS\amd64_microsoft.windows.common-controls_6595b64144ccf1df_6.0.22621.4541_none_2710d1c57384c085\COMCTL32.dll
0x00007ff98c450000 - 0x00007ff98c479000 	C:\WINDOWS\System32\GDI32.dll
0x00007ff98a120000 - 0x00007ff98a23b000 	C:\WINDOWS\System32\gdi32full.dll
0x00007ff98a3e0000 - 0x00007ff98a47a000 	C:\WINDOWS\System32\msvcp_win.dll
0x00007ff97f530000 - 0x00007ff97f53a000 	C:\WINDOWS\SYSTEM32\VERSION.dll
0x00007ff98af10000 - 0x00007ff98af41000 	C:\WINDOWS\System32\IMM32.DLL
0x00007ff9841e0000 - 0x00007ff9841ec000 	C:\Program Files\Java\jdk-17\bin\vcruntime140_1.dll
0x00007ff90c7d0000 - 0x00007ff90c85e000 	C:\Program Files\Java\jdk-17\bin\msvcp140.dll
0x00007ff8fc6a0000 - 0x00007ff8fd280000 	C:\Program Files\Java\jdk-17\bin\server\jvm.dll
0x00007ff98b610000 - 0x00007ff98b618000 	C:\WINDOWS\System32\PSAPI.DLL
0x00007ff95f9e0000 - 0x00007ff95f9e9000 	C:\WINDOWS\SYSTEM32\WSOCK32.dll
0x00007ff981ba0000 - 0x00007ff981bd4000 	C:\WINDOWS\SYSTEM32\WINMM.dll
0x00007ff98adc0000 - 0x00007ff98ae31000 	C:\WINDOWS\System32\WS2_32.dll
0x00007ff988b30000 - 0x00007ff988b48000 	C:\WINDOWS\SYSTEM32\kernel.appcore.dll
0x00007ff981fc0000 - 0x00007ff981fca000 	C:\Program Files\Java\jdk-17\bin\jimage.dll
0x00007ff97c740000 - 0x00007ff97c972000 	C:\WINDOWS\SYSTEM32\DBGHELP.DLL
0x00007ff98c4e0000 - 0x00007ff98c86f000 	C:\WINDOWS\System32\combase.dll
0x00007ff98b530000 - 0x00007ff98b607000 	C:\WINDOWS\System32\OLEAUT32.dll
0x00007ff9732f0000 - 0x00007ff973322000 	C:\WINDOWS\SYSTEM32\dbgcore.DLL
0x00007ff98a480000 - 0x00007ff98a4fb000 	C:\WINDOWS\System32\bcryptPrimitives.dll
0x00007ff9561d0000 - 0x00007ff9561f5000 	C:\Program Files\Java\jdk-17\bin\java.dll

dbghelp: loaded successfully - version: 4.0.5 - missing functions: none
symbol engine: initialized successfully - sym options: 0x614 - pdb path: .;C:\Program Files\Java\jdk-17\bin;C:\WINDOWS\SYSTEM32;C:\WINDOWS\WinSxS\amd64_microsoft.windows.common-controls_6595b64144ccf1df_6.0.22621.4541_none_2710d1c57384c085;C:\Program Files\Java\jdk-17\bin\server

VM Arguments:
java_command: org.jetbrains.kotlin.cli.jvm.K2JVMCompiler @D:\WORD\FE_CampusPoly\android\app\build\20241203_4005529458835302090.compiler.options
java_class_path (initial): C:\Users\singa\.gradle\caches\modules-2\files-2.1\org.jetbrains.kotlin\kotlin-compiler-embeddable\1.9.24\78dab849090e6c5e2eadb6e59a11cdc28fb67a08\kotlin-compiler-embeddable-1.9.24.jar;C:\Users\singa\.gradle\caches\modules-2\files-2.1\org.jetbrains.kotlin\kotlin-stdlib\1.9.24\9928532f12c66ad816a625b3f9984f8368ca6d2b\kotlin-stdlib-1.9.24.jar;C:\Users\singa\.gradle\caches\modules-2\files-2.1\org.jetbrains.kotlin\kotlin-script-runtime\1.9.24\96771497da90fbc5af1c90fce148db2595a62502\kotlin-script-runtime-1.9.24.jar;C:\Users\singa\.gradle\caches\modules-2\files-2.1\org.jetbrains.kotlin\kotlin-reflect\1.6.10\1cbe9c92c12a94eea200d23c2bbaedaf3daf5132\kotlin-reflect-1.6.10.jar;C:\Users\singa\.gradle\caches\modules-2\files-2.1\org.jetbrains.kotlin\kotlin-daemon-embeddable\1.9.24\86685b9c5e8d170925bd9ddbdc263374a6a73281\kotlin-daemon-embeddable-1.9.24.jar;C:\Users\singa\.gradle\caches\modules-2\files-2.1\org.jetbrains.intellij.deps\trove4j\1.0.20200330\3afb14d5f9ceb459d724e907a21145e8ff394f02\trove4j-1.0.20200330.jar;C:\Users\singa\.gradle\caches\modules-2\files-2.1\org.jetbrains\annotations\13.0\919f0dfe192fb4e063e7dacadee7f8bb9a2672a9\annotations-13.0.jar
Launcher Type: SUN_STANDARD

[Global flags]
     intx CICompilerCount                          = 12                                        {product} {ergonomic}
     uint ConcGCThreads                            = 3                                         {product} {ergonomic}
     uint G1ConcRefinementThreads                  = 13                                        {product} {ergonomic}
   size_t G1HeapRegionSize                         = 2097152                                   {product} {ergonomic}
    uintx GCDrainStackTargetSize                   = 64                                        {product} {ergonomic}
   size_t InitialHeapSize                          = 257949696                                 {product} {ergonomic}
   size_t MarkStackSize                            = 4194304                                   {product} {ergonomic}
   size_t MaxHeapSize                              = 4123000832                                {product} {ergonomic}
   size_t MinHeapDeltaBytes                        = 2097152                                   {product} {ergonomic}
   size_t MinHeapSize                              = 8388608                                   {product} {ergonomic}
    uintx NonNMethodCodeHeapSize                   = 7602480                                {pd product} {ergonomic}
    uintx NonProfiledCodeHeapSize                  = 122027880                              {pd product} {ergonomic}
    uintx ProfiledCodeHeapSize                     = 122027880                              {pd product} {ergonomic}
    uintx ReservedCodeCacheSize                    = 251658240                              {pd product} {ergonomic}
     bool SegmentedCodeCache                       = true                                      {product} {ergonomic}
   size_t SoftMaxHeapSize                          = 4123000832                             {manageable} {ergonomic}
     bool UseCompressedClassPointers               = true                           {product lp64_product} {ergonomic}
     bool UseCompressedOops                        = true                           {product lp64_product} {ergonomic}
     bool UseG1GC                                  = true                                      {product} {ergonomic}
     bool UseLargePagesIndividualAllocation        = false                                  {pd product} {ergonomic}

Logging:
Log output configuration:
 #0: stdout all=warning uptime,level,tags
 #1: stderr all=off uptime,level,tags

Environment Variables:
JAVA_HOME=C:\Program Files\Java\jdk-17
CLASSPATH=D:\WORD\FE_CampusPoly\android\\gradle\wrapper\gradle-wrapper.jar
PATH=D:\WORD\FE_CampusPoly\node_modules\.bin;D:\WORD\FE_CampusPoly\node_modules\.bin;D:\WORD\node_modules\.bin;D:\node_modules\.bin;C:\Users\singa\AppData\Roaming\npm\node_modules\npm\node_modules\@npmcli\run-script\lib\node-gyp-bin;D:\WORD\FE_CampusPoly\node_modules\.bin;D:\WORD\node_modules\.bin;D:\node_modules\.bin;C:\Users\singa\AppData\Roaming\npm\node_modules\npm\node_modules\@npmcli\run-script\lib\node-gyp-bin;C:\Program Files\Microsoft MPI\Bin\;C:\Program Files\Common Files\Oracle\Java\javapath;C:\WINDOWS\system32;C:\WINDOWS;C:\WINDOWS\System32\Wbem;C:\WINDOWS\System32\WindowsPowerShell\v1.0\;C:\WINDOWS\System32\OpenSSH\;D:\Flutter\flutter\bin;C:\Program Files\Cloudflare\Cloudflare WARP\;C:\ProgramData\chocolatey\bin;C:\Program Files (x86)\Yarn\bin\;C:\Program Files\nodejs\;C:\Program Files\dotnet\;C:\Program Files (x86)\NVIDIA Corporation\PhysX\Common;C:\Program Files (x86)\Microsoft SQL Server\160\Tools\Binn\;C:\Program Files\Microsoft SQL Server\160\Tools\Binn\;C:\Program Files\Microsoft SQL Server\Client SDK\ODBC\170\Tools\Binn\;C:\Program Files\Microsoft SQL Server\160\DTS\Binn\;C:\Program Files (x86)\Microsoft SQL Server\160\DTS\Binn\;C:\Program Files\Docker\Docker\resources\bin;C:\Program Files (x86)\oh-my-posh\bin;C:\Program Files\Git\cmd;C:\Users\singa\.cargo\bin;C:\Users\singa\.local\share\solana\install\active_release\bin;C:\Users\singa\AppData\Local\Programs\Python\Python311\Scripts\;C:\Users\singa\AppData\Local\Programs\Python\Python311\;C:\Users\singa\AppData\Local\Programs\Python\Launcher\;C:\Users\singa\AppData\Local\Android\Sdk\tools;C:\Users\singa\AppData\Local\Microsoft\WindowsApps;D:\VsCode\Microsoft VS Code\bin;C:\Users\singa\AppData\Local\Android\Sdk\platforms;C:\Users\singa\AppData\Local\Android\Sdk\platform-tools;C:\Users\singa\AppData\Local\Android\Sdk\emulator;D:\Flutter\flutter\bin;C:\Users\singa\AppData\Local\Yarn\bin;C:\Users\singa\AppData\Local\Pub\Cache\bin;C:\Users\singa\AppData\Roaming\npm;C:\Users\singa\AppData\Local\GitHubDesk
USERNAME=singa
LANG=en_US.UTF-8
OS=Windows_NT
PROCESSOR_IDENTIFIER=AMD64 Family 25 Model 80 Stepping 0, AuthenticAMD



---------------  S Y S T E M  ---------------

OS:
 Windows 11 , 64 bit Build 22621 (10.0.22621.4391)
OS uptime: 2 days 12:31 hours
Hyper-V role detected

CPU: total 16 (initial active 16) (16 cores per cpu, 2 threads per core) family 25 model 80 stepping 0 microcode 0x0, cx8, cmov, fxsr, ht, mmx, 3dnowpref, sse, sse2, sse3, ssse3, sse4a, sse4.1, sse4.2, popcnt, lzcnt, tsc, tscinvbit, avx, avx2, aes, erms, clmul, bmi1, bmi2, adx, sha, fma, vzeroupper, clflush, clflushopt, hv

Memory: 4k page, system-wide physical 15724M (275M free)
TotalPageFile size 25724M (AvailPageFile size 247M)
current process WorkingSet (physical memory assigned to process): 11M, peak: 11M
current process commit charge ("private bytes"): 70M, peak: 316M

vm_info: Java HotSpot(TM) 64-Bit Server VM (17.0.11+7-LTS-207) for windows-amd64 JRE (17.0.11+7-LTS-207), built on Mar 11 2024 19:01:50 by "mach5one" with MS VC++ 17.6 (VS2022)

END.
