#
# A fatal error has been detected by the Java Runtime Environment:
#
#  EXCEPTION_ACCESS_VIOLATION (0xc0000005) at pc=0x0000000000000000, pid=16988, tid=8096
#
# JRE version:  (17.0.11+7) (build )
# Java VM: Java HotSpot(TM) 64-Bit Server VM (17.0.11+7-LTS-207, mixed mode, sharing, tiered, compressed oops, compressed class ptrs, g1 gc, windows-amd64)
# Problematic frame:
# C  [java.dll+0xb6f3]
#
# No core dump will be written. Minidumps are not enabled by default on client versions of Windows
#
# The crash happened outside the Java Virtual Machine in native code.
# See problematic frame for where to report the bug.
#

---------------  S U M M A R Y ------------

Command Line: -Xmx64m -Xms64m -Dorg.gradle.appname=gradlew org.gradle.wrapper.GradleWrapperMain app:installDebug -PreactNativeDevServerPort=8081

Host: AMD Ryzen 7 5800H with Radeon Graphics         , 16 cores, 15G,  Windows 11 , 64 bit Build 22621 (10.0.22621.4391)
Time: Wed Nov 27 17:43:22 2024 SE Asia Standard Time elapsed time: 0.023431 seconds (0d 0h 0m 0s)

---------------  T H R E A D  ---------------

Current thread (0x000001e565a88bd0):  JavaThread "main" [_thread_in_native, id=8096, stack(0x0000004fb7e00000,0x0000004fb7f00000)]

Stack: [0x0000004fb7e00000,0x0000004fb7f00000],  sp=0x0000004fb7efe870,  free space=1018k
Native frames: (J=compiled Java code, j=interpreted, Vv=VM code, C=native code)

Java frames: (J=compiled Java code, j=interpreted, Vv=VM code)
j  jdk.internal.util.SystemProps$Raw.platformProperties()[Ljava/lang/String;+0 java.base
j  jdk.internal.util.SystemProps$Raw.<init>()V+5 java.base
j  jdk.internal.util.SystemProps.initProperties()Ljava/util/Map;+4 java.base
j  java.lang.System.initPhase1()V+3 java.base
v  ~StubRoutines::call_stub

siginfo: EXCEPTION_ACCESS_VIOLATION (0xc0000005), data execution prevention violation at address 0x0000000000000000


Registers:
RAX=0x0000000000000000, RBX=0x0000000000000000, RCX=0x0000000000000000, RDX=0x0000000000004028
RSP=0x0000004fb7efe868, RBP=0x0000004fb7efebe0, RSI=0x000000000000000a, RDI=0x000001e565b4cc01
R8 =0x0000000000000000, R9 =0x0000000000000000, R10=0x0000000000000000, R11=0x0000004fb7efe7d0
R12=0x0000000000000744, R13=0x000001e5007d9c01, R14=0x0000000000000001, R15=0x000000000000585d
RIP=0x0000000000000000, EFLAGS=0x0000000000010202


Register to memory mapping:

RIP=0x0 is NULL
RAX=0x0 is NULL
RBX=0x0 is NULL
RCX=0x0 is NULL
RDX=0x0000000000004028 is an unknown value
RSP=0x0000004fb7efe868 is pointing into the stack for thread: 0x000001e565a88bd0
RBP=0x0000004fb7efebe0 is pointing into the stack for thread: 0x000001e565a88bd0
RSI=0x000000000000000a is an unknown value
RDI=0x000001e565b4cc01 points into unknown readable memory: 00 00 00 00 00 00 00
R8 =0x0 is NULL
R9 =0x0 is NULL
R10=0x0 is NULL
R11=0x0000004fb7efe7d0 is pointing into the stack for thread: 0x000001e565a88bd0
R12=0x0000000000000744 is an unknown value
R13=0x000001e5007d9c01 is pointing into metadata
R14=0x0000000000000001 is an unknown value
R15=0x000000000000585d is an unknown value


Top of Stack: (sp=0x0000004fb7efe868)
0x0000004fb7efe868:   00007ffd8484b6f3 0000000000000000
0x0000004fb7efe878:   0000000000004028 0000000000000000
0x0000004fb7efe888:   0000000000000000 0000004fb7efe8b0
0x0000004fb7efe898:   0000000000000001 00007ffd80004005
0x0000004fb7efe8a8:   00007ffdb74ad69a 0000000000820079
0x0000004fb7efe8b8:   0000000000000020 000001e565b10250
0x0000004fb7efe8c8:   0000000000000000 0000000000000000
0x0000004fb7efe8d8:   0000004fb7efea48 0000000000000000
0x0000004fb7efe8e8:   000001e563751500 0000000000000000
0x0000004fb7efe8f8:   000001e565b4cc10 000001e5637502a8
0x0000004fb7efe908:   0000000000000020 000001e563750cc0
0x0000004fb7efe918:   0000000000000000 000000000000023b
0x0000004fb7efe928:   000000000000000c 0000000000000000
0x0000004fb7efe938:   0000000000000020 0000000000000000
0x0000004fb7efe948:   0000000000000002 0000000000000000
0x0000004fb7efe958:   0000004fb7efea09 000001e5637c0000 

Instructions: (pc=0x00007ffd8484b6f3)
0x00007ffd8484b5f3:   74 61 48 8d 0d dc c5 00 00 e8 fd a1 00 00 48 8d
0x00007ffd8484b603:   4c 24 40 48 8b d8 e8 f0 a1 00 00 48 03 d8 48 3b
0x00007ffd8484b613:   de 73 40 48 8d 15 bb c5 00 00 48 8d 4c 24 40 e8
0x00007ffd8484b623:   dd a1 00 00 48 8d 15 da c2 00 00 48 8d 4c 24 40
0x00007ffd8484b633:   ff 15 df ae 00 00 48 85 c0 74 18 48 8b c8 ff 15
0x00007ffd8484b643:   e9 ae 00 00 48 8d 15 6a c5 00 00 48 8b cf e8 a2
0x00007ffd8484b653:   a1 00 00 48 8b c7 48 8b 8c 24 50 01 00 00 48 33
0x00007ffd8484b663:   cc e8 77 92 00 00 4c 8d 9c 24 60 01 00 00 49 8b
0x00007ffd8484b673:   5b 18 49 8b 73 20 49 8b e3 5f c3 cc cc 40 53 48
0x00007ffd8484b683:   81 ec 60 02 00 00 48 8b 05 88 5c 01 00 48 33 c4
0x00007ffd8484b693:   48 89 84 24 50 02 00 00 33 db 48 39 1d 3c 5d 01
0x00007ffd8484b6a3:   00 75 74 4c 8d 0d 33 5d 01 00 45 33 c0 ba 00 40
0x00007ffd8484b6b3:   00 00 48 8d 0d 04 cd 00 00 e8 f5 8a 00 00 89 44
0x00007ffd8484b6c3:   24 30 eb 0b b8 05 40 00 80 89 44 24 30 33 db 85
0x00007ffd8484b6d3:   c0 79 44 48 8d 44 24 40 48 89 44 24 20 45 33 c9
0x00007ffd8484b6e3:   45 33 c0 ba 28 40 00 00 33 c9 ff 15 65 5c 01 00
0x00007ffd8484b6f3:   85 c0 79 09 48 89 1d e2 5c 01 00 eb 1a 66 89 9c
0x00007ffd8484b703:   24 48 02 00 00 48 8d 4c 24 40 ff 15 ad ae 00 00
0x00007ffd8484b713:   48 89 05 c6 5c 01 00 48 8b 05 bf 5c 01 00 48 8b
0x00007ffd8484b723:   8c 24 50 02 00 00 48 33 cc e8 af 91 00 00 48 81
0x00007ffd8484b733:   c4 60 02 00 00 5b c3 cc cc 48 89 5c 24 10 48 89
0x00007ffd8484b743:   6c 24 18 48 89 74 24 20 57 48 83 ec 60 48 8b 05
0x00007ffd8484b753:   c1 5b 01 00 48 33 c4 48 89 44 24 58 0f b7 f9 b9
0x00007ffd8484b763:   56 00 00 00 ff 15 33 ad 00 00 48 8b d8 48 85 c0
0x00007ffd8484b773:   0f 84 b5 00 00 00 33 c0 4c 8d 4c 24 40 48 89 44
0x00007ffd8484b783:   24 50 4c 8d 44 24 38 0f 57 c0 48 8d 44 24 50 48
0x00007ffd8484b793:   89 44 24 28 48 8d 54 24 30 48 8d 44 24 48 8b cf
0x00007ffd8484b7a3:   48 89 44 24 20 0f 11 44 24 30 0f 11 44 24 40 e8
0x00007ffd8484b7b3:   89 f9 ff ff 48 8b cb 84 c0 74 43 48 8b 54 24 30
0x00007ffd8484b7c3:   e8 30 a0 00 00 48 8d 7c 24 38 be 03 00 00 00 48
0x00007ffd8484b7d3:   8b 2f 80 7d 00 00 74 1a 48 8d 15 0e c4 00 00 48
0x00007ffd8484b7e3:   8b cb e8 1a a0 00 00 48 8b d5 48 8b cb e8 0f a0 


Stack slot to memory mapping:
stack at sp + 0 slots: 0x0 is NULL
stack at sp + 1 slots: 0x0000000000004028 is an unknown value
stack at sp + 2 slots: 0x0 is NULL
stack at sp + 3 slots: 0x0 is NULL
stack at sp + 4 slots: 0x0000004fb7efe8b0 is pointing into the stack for thread: 0x000001e565a88bd0
stack at sp + 5 slots: 0x0000000000000001 is an unknown value
stack at sp + 6 slots: 0x00007ffd80004005 is an unknown value
stack at sp + 7 slots: 0x00007ffdb74ad69a ntdll.dll


---------------  P R O C E S S  ---------------

Threads class SMR info:
_java_thread_list=0x000001e565b46fa0, length=3, elements={
0x000001e565a88bd0, 0x000001e565b48fc0, 0x000001e565b4ad60
}

Java Threads: ( => current thread )
=>0x000001e565a88bd0 JavaThread "main" [_thread_in_native, id=8096, stack(0x0000004fb7e00000,0x0000004fb7f00000)]
  0x000001e565b48fc0 JavaThread "Reference Handler" daemon [_thread_blocked, id=12940, stack(0x0000004fb8500000,0x0000004fb8600000)]
  0x000001e565b4ad60 JavaThread "Finalizer" daemon [_thread_blocked, id=12296, stack(0x0000004fb8600000,0x0000004fb8700000)]

Other Threads:
  0x000001e565b430a0 VMThread "VM Thread" [stack: 0x0000004fb8400000,0x0000004fb8500000] [id=4612]
  0x000001e565aab230 GCTaskThread "GC Thread#0" [stack: 0x0000004fb7f00000,0x0000004fb8000000] [id=24056]
  0x000001e565aad8a0 ConcurrentGCThread "G1 Main Marker" [stack: 0x0000004fb8000000,0x0000004fb8100000] [id=19324]
  0x000001e565aaf1d0 ConcurrentGCThread "G1 Conc#0" [stack: 0x0000004fb8100000,0x0000004fb8200000] [id=17660]
  0x000001e565b25330 ConcurrentGCThread "G1 Refine#0" [stack: 0x0000004fb8200000,0x0000004fb8300000] [id=1644]
  0x000001e565b25c70 ConcurrentGCThread "G1 Service" [stack: 0x0000004fb8300000,0x0000004fb8400000] [id=21628]

Threads with active compile tasks:

VM state: not at safepoint (normal execution)

VM Mutex/Monitor currently owned by a thread: None

Heap address: 0x00000000fc000000, size: 64 MB, Compressed Oops mode: 32-bit

CDS archive(s) mapped at: [0x000001e500000000-0x000001e500bd0000-0x000001e500bd0000), size 12386304, SharedBaseAddress: 0x000001e500000000, ArchiveRelocationMode: 1.
Compressed class space mapped at: 0x000001e501000000-0x000001e541000000, reserved size: 1073741824
Narrow klass base: 0x000001e500000000, Narrow klass shift: 0, Narrow klass range: 0x100000000

GC Precious Log:
 CPUs: 16 total, 16 available
 Memory: 15724M
 Large Page Support: Disabled
 NUMA Support: Disabled
 Compressed Oops: Enabled (32-bit)
 Heap Region Size: 1M
 Heap Min Capacity: 64M
 Heap Initial Capacity: 64M
 Heap Max Capacity: 64M
 Pre-touch: Disabled
 Parallel Workers: 13
 Concurrent Workers: 3
 Concurrent Refinement Workers: 13
 Periodic GC: Disabled

Heap:
 garbage-first heap   total 65536K, used 0K [0x00000000fc000000, 0x0000000100000000)
  region size 1024K, 1 young (1024K), 0 survivors (0K)
 Metaspace       used 12K, committed 128K, reserved 1114112K
  class space    used 0K, committed 64K, reserved 1048576K

Heap Regions: E=young(eden), S=young(survivor), O=old, HS=humongous(starts), HC=humongous(continues), CS=collection set, F=free, OA=open archive, CA=closed archive, TAMS=top-at-mark-start (previous, next)
|   0|0x00000000fc000000, 0x00000000fc000000, 0x00000000fc100000|  0%| F|  |TAMS 0x00000000fc000000, 0x00000000fc000000| Untracked 
|   1|0x00000000fc100000, 0x00000000fc100000, 0x00000000fc200000|  0%| F|  |TAMS 0x00000000fc100000, 0x00000000fc100000| Untracked 
|   2|0x00000000fc200000, 0x00000000fc200000, 0x00000000fc300000|  0%| F|  |TAMS 0x00000000fc200000, 0x00000000fc200000| Untracked 
|   3|0x00000000fc300000, 0x00000000fc300000, 0x00000000fc400000|  0%| F|  |TAMS 0x00000000fc300000, 0x00000000fc300000| Untracked 
|   4|0x00000000fc400000, 0x00000000fc400000, 0x00000000fc500000|  0%| F|  |TAMS 0x00000000fc400000, 0x00000000fc400000| Untracked 
|   5|0x00000000fc500000, 0x00000000fc500000, 0x00000000fc600000|  0%| F|  |TAMS 0x00000000fc500000, 0x00000000fc500000| Untracked 
|   6|0x00000000fc600000, 0x00000000fc600000, 0x00000000fc700000|  0%| F|  |TAMS 0x00000000fc600000, 0x00000000fc600000| Untracked 
|   7|0x00000000fc700000, 0x00000000fc700000, 0x00000000fc800000|  0%| F|  |TAMS 0x00000000fc700000, 0x00000000fc700000| Untracked 
|   8|0x00000000fc800000, 0x00000000fc800000, 0x00000000fc900000|  0%| F|  |TAMS 0x00000000fc800000, 0x00000000fc800000| Untracked 
|   9|0x00000000fc900000, 0x00000000fc900000, 0x00000000fca00000|  0%| F|  |TAMS 0x00000000fc900000, 0x00000000fc900000| Untracked 
|  10|0x00000000fca00000, 0x00000000fca00000, 0x00000000fcb00000|  0%| F|  |TAMS 0x00000000fca00000, 0x00000000fca00000| Untracked 
|  11|0x00000000fcb00000, 0x00000000fcb00000, 0x00000000fcc00000|  0%| F|  |TAMS 0x00000000fcb00000, 0x00000000fcb00000| Untracked 
|  12|0x00000000fcc00000, 0x00000000fcc00000, 0x00000000fcd00000|  0%| F|  |TAMS 0x00000000fcc00000, 0x00000000fcc00000| Untracked 
|  13|0x00000000fcd00000, 0x00000000fcd00000, 0x00000000fce00000|  0%| F|  |TAMS 0x00000000fcd00000, 0x00000000fcd00000| Untracked 
|  14|0x00000000fce00000, 0x00000000fce00000, 0x00000000fcf00000|  0%| F|  |TAMS 0x00000000fce00000, 0x00000000fce00000| Untracked 
|  15|0x00000000fcf00000, 0x00000000fcf00000, 0x00000000fd000000|  0%| F|  |TAMS 0x00000000fcf00000, 0x00000000fcf00000| Untracked 
|  16|0x00000000fd000000, 0x00000000fd000000, 0x00000000fd100000|  0%| F|  |TAMS 0x00000000fd000000, 0x00000000fd000000| Untracked 
|  17|0x00000000fd100000, 0x00000000fd100000, 0x00000000fd200000|  0%| F|  |TAMS 0x00000000fd100000, 0x00000000fd100000| Untracked 
|  18|0x00000000fd200000, 0x00000000fd200000, 0x00000000fd300000|  0%| F|  |TAMS 0x00000000fd200000, 0x00000000fd200000| Untracked 
|  19|0x00000000fd300000, 0x00000000fd300000, 0x00000000fd400000|  0%| F|  |TAMS 0x00000000fd300000, 0x00000000fd300000| Untracked 
|  20|0x00000000fd400000, 0x00000000fd400000, 0x00000000fd500000|  0%| F|  |TAMS 0x00000000fd400000, 0x00000000fd400000| Untracked 
|  21|0x00000000fd500000, 0x00000000fd500000, 0x00000000fd600000|  0%| F|  |TAMS 0x00000000fd500000, 0x00000000fd500000| Untracked 
|  22|0x00000000fd600000, 0x00000000fd600000, 0x00000000fd700000|  0%| F|  |TAMS 0x00000000fd600000, 0x00000000fd600000| Untracked 
|  23|0x00000000fd700000, 0x00000000fd700000, 0x00000000fd800000|  0%| F|  |TAMS 0x00000000fd700000, 0x00000000fd700000| Untracked 
|  24|0x00000000fd800000, 0x00000000fd800000, 0x00000000fd900000|  0%| F|  |TAMS 0x00000000fd800000, 0x00000000fd800000| Untracked 
|  25|0x00000000fd900000, 0x00000000fd900000, 0x00000000fda00000|  0%| F|  |TAMS 0x00000000fd900000, 0x00000000fd900000| Untracked 
|  26|0x00000000fda00000, 0x00000000fda00000, 0x00000000fdb00000|  0%| F|  |TAMS 0x00000000fda00000, 0x00000000fda00000| Untracked 
|  27|0x00000000fdb00000, 0x00000000fdb00000, 0x00000000fdc00000|  0%| F|  |TAMS 0x00000000fdb00000, 0x00000000fdb00000| Untracked 
|  28|0x00000000fdc00000, 0x00000000fdc00000, 0x00000000fdd00000|  0%| F|  |TAMS 0x00000000fdc00000, 0x00000000fdc00000| Untracked 
|  29|0x00000000fdd00000, 0x00000000fdd00000, 0x00000000fde00000|  0%| F|  |TAMS 0x00000000fdd00000, 0x00000000fdd00000| Untracked 
|  30|0x00000000fde00000, 0x00000000fde00000, 0x00000000fdf00000|  0%| F|  |TAMS 0x00000000fde00000, 0x00000000fde00000| Untracked 
|  31|0x00000000fdf00000, 0x00000000fdf00000, 0x00000000fe000000|  0%| F|  |TAMS 0x00000000fdf00000, 0x00000000fdf00000| Untracked 
|  32|0x00000000fe000000, 0x00000000fe000000, 0x00000000fe100000|  0%| F|  |TAMS 0x00000000fe000000, 0x00000000fe000000| Untracked 
|  33|0x00000000fe100000, 0x00000000fe100000, 0x00000000fe200000|  0%| F|  |TAMS 0x00000000fe100000, 0x00000000fe100000| Untracked 
|  34|0x00000000fe200000, 0x00000000fe200000, 0x00000000fe300000|  0%| F|  |TAMS 0x00000000fe200000, 0x00000000fe200000| Untracked 
|  35|0x00000000fe300000, 0x00000000fe300000, 0x00000000fe400000|  0%| F|  |TAMS 0x00000000fe300000, 0x00000000fe300000| Untracked 
|  36|0x00000000fe400000, 0x00000000fe400000, 0x00000000fe500000|  0%| F|  |TAMS 0x00000000fe400000, 0x00000000fe400000| Untracked 
|  37|0x00000000fe500000, 0x00000000fe500000, 0x00000000fe600000|  0%| F|  |TAMS 0x00000000fe500000, 0x00000000fe500000| Untracked 
|  38|0x00000000fe600000, 0x00000000fe600000, 0x00000000fe700000|  0%| F|  |TAMS 0x00000000fe600000, 0x00000000fe600000| Untracked 
|  39|0x00000000fe700000, 0x00000000fe700000, 0x00000000fe800000|  0%| F|  |TAMS 0x00000000fe700000, 0x00000000fe700000| Untracked 
|  40|0x00000000fe800000, 0x00000000fe800000, 0x00000000fe900000|  0%| F|  |TAMS 0x00000000fe800000, 0x00000000fe800000| Untracked 
|  41|0x00000000fe900000, 0x00000000fe900000, 0x00000000fea00000|  0%| F|  |TAMS 0x00000000fe900000, 0x00000000fe900000| Untracked 
|  42|0x00000000fea00000, 0x00000000fea00000, 0x00000000feb00000|  0%| F|  |TAMS 0x00000000fea00000, 0x00000000fea00000| Untracked 
|  43|0x00000000feb00000, 0x00000000feb00000, 0x00000000fec00000|  0%| F|  |TAMS 0x00000000feb00000, 0x00000000feb00000| Untracked 
|  44|0x00000000fec00000, 0x00000000fec00000, 0x00000000fed00000|  0%| F|  |TAMS 0x00000000fec00000, 0x00000000fec00000| Untracked 
|  45|0x00000000fed00000, 0x00000000fed00000, 0x00000000fee00000|  0%| F|  |TAMS 0x00000000fed00000, 0x00000000fed00000| Untracked 
|  46|0x00000000fee00000, 0x00000000fee00000, 0x00000000fef00000|  0%| F|  |TAMS 0x00000000fee00000, 0x00000000fee00000| Untracked 
|  47|0x00000000fef00000, 0x00000000fef00000, 0x00000000ff000000|  0%| F|  |TAMS 0x00000000fef00000, 0x00000000fef00000| Untracked 
|  48|0x00000000ff000000, 0x00000000ff000000, 0x00000000ff100000|  0%| F|  |TAMS 0x00000000ff000000, 0x00000000ff000000| Untracked 
|  49|0x00000000ff100000, 0x00000000ff100000, 0x00000000ff200000|  0%| F|  |TAMS 0x00000000ff100000, 0x00000000ff100000| Untracked 
|  50|0x00000000ff200000, 0x00000000ff200000, 0x00000000ff300000|  0%| F|  |TAMS 0x00000000ff200000, 0x00000000ff200000| Untracked 
|  51|0x00000000ff300000, 0x00000000ff300000, 0x00000000ff400000|  0%| F|  |TAMS 0x00000000ff300000, 0x00000000ff300000| Untracked 
|  52|0x00000000ff400000, 0x00000000ff400000, 0x00000000ff500000|  0%| F|  |TAMS 0x00000000ff400000, 0x00000000ff400000| Untracked 
|  53|0x00000000ff500000, 0x00000000ff500000, 0x00000000ff600000|  0%| F|  |TAMS 0x00000000ff500000, 0x00000000ff500000| Untracked 
|  54|0x00000000ff600000, 0x00000000ff600000, 0x00000000ff700000|  0%| F|  |TAMS 0x00000000ff600000, 0x00000000ff600000| Untracked 
|  55|0x00000000ff700000, 0x00000000ff700000, 0x00000000ff800000|  0%| F|  |TAMS 0x00000000ff700000, 0x00000000ff700000| Untracked 
|  56|0x00000000ff800000, 0x00000000ff800000, 0x00000000ff900000|  0%| F|  |TAMS 0x00000000ff800000, 0x00000000ff800000| Untracked 
|  57|0x00000000ff900000, 0x00000000ff900000, 0x00000000ffa00000|  0%| F|  |TAMS 0x00000000ff900000, 0x00000000ff900000| Untracked 
|  58|0x00000000ffa00000, 0x00000000ffa00000, 0x00000000ffb00000|  0%| F|  |TAMS 0x00000000ffa00000, 0x00000000ffa00000| Untracked 
|  59|0x00000000ffb00000, 0x00000000ffb00000, 0x00000000ffc00000|  0%| F|  |TAMS 0x00000000ffb00000, 0x00000000ffb00000| Untracked 
|  60|0x00000000ffc00000, 0x00000000ffc00000, 0x00000000ffd00000|  0%| F|  |TAMS 0x00000000ffc00000, 0x00000000ffc00000| Untracked 
|  61|0x00000000ffd00000, 0x00000000ffd00000, 0x00000000ffe00000|  0%| F|  |TAMS 0x00000000ffd00000, 0x00000000ffd00000| Untracked 
|  62|0x00000000ffe00000, 0x00000000ffe00000, 0x00000000fff00000|  0%| F|  |TAMS 0x00000000ffe00000, 0x00000000ffe00000| Untracked 
|  63|0x00000000fff00000, 0x00000000fffeb938, 0x0000000100000000| 92%| E|  |TAMS 0x00000000fff00000, 0x00000000fff00000| Complete 

Card table byte_map: [0x000001e5659e0000,0x000001e565a00000] _byte_map_base: 0x000001e565200000

Marking Bits (Prev, Next): (CMBitMap*) 0x000001e565aab760, (CMBitMap*) 0x000001e565aab7a0
 Prev Bits: [0x000001e57cbd0000, 0x000001e57ccd0000)
 Next Bits: [0x000001e57ccd0000, 0x000001e57cdd0000)

Polling page: 0x000001e565250000

Metaspace:

Usage:
  Non-class:     11.77 KB used.
      Class:    992 bytes used.
       Both:     12.73 KB used.

Virtual space:
  Non-class space:       64.00 MB reserved,      64.00 KB ( <1%) committed,  1 nodes.
      Class space:        1.00 GB reserved,      64.00 KB ( <1%) committed,  1 nodes.
             Both:        1.06 GB reserved,     128.00 KB ( <1%) committed. 

Chunk freelists:
   Non-Class:  12.00 MB
       Class:  15.75 MB
        Both:  27.75 MB

MaxMetaspaceSize: unlimited
CompressedClassSpaceSize: 1.00 GB
Initial GC threshold: 21.00 MB
Current GC threshold: 17179869184.00 GB
CDS: on
MetaspaceReclaimPolicy: balanced
 - commit_granule_bytes: 65536.
 - commit_granule_words: 8192.
 - virtual_space_node_default_size: 8388608.
 - enlarge_chunks_in_place: 1.
 - new_chunks_are_fully_committed: 0.
 - uncommit_free_chunks: 1.
 - use_allocation_guard: 0.
 - handle_deallocations: 1.


Internal statistics:

num_allocs_failed_limit: 0.
num_arena_births: 2.
num_arena_deaths: 0.
num_vsnodes_births: 2.
num_vsnodes_deaths: 0.
num_space_committed: 2.
num_space_uncommitted: 0.
num_chunks_returned_to_freelist: 0.
num_chunks_taken_from_freelist: 3.
num_chunk_merges: 0.
num_chunk_splits: 2.
num_chunks_enlarged: 0.
num_inconsistent_stats: 0.

CodeHeap 'non-profiled nmethods': size=119168Kb used=0Kb max_used=0Kb free=119168Kb
 bounds [0x000001e574ee0000, 0x000001e575150000, 0x000001e57c340000]
CodeHeap 'profiled nmethods': size=119104Kb used=0Kb max_used=0Kb free=119104Kb
 bounds [0x000001e56d340000, 0x000001e56d5b0000, 0x000001e574790000]
CodeHeap 'non-nmethods': size=7488Kb used=365Kb max_used=365Kb free=7123Kb
 bounds [0x000001e574790000, 0x000001e574a00000, 0x000001e574ee0000]
 total_blobs=151 nmethods=0 adapters=124
 compilation: enabled
              stopped_count=0, restarted_count=0
 full_count=0

Compilation events (0 events):
No events

GC Heap History (0 events):
No events

Deoptimization events (0 events):
No events

Classes unloaded (0 events):
No events

Classes redefined (0 events):
No events

Internal exceptions (0 events):
No events

VM Operations (0 events):
No events

Events (5 events):
Event: 0.005 Loaded shared library C:\Program Files\Java\jdk-17\bin\java.dll
Event: 0.018 Loaded shared library C:\Program Files\Java\jdk-17\bin\jsvml.dll
Event: 0.018 Thread 0x000001e565a88bd0 Thread added: 0x000001e565a88bd0
Event: 0.020 Thread 0x000001e565b48fc0 Thread added: 0x000001e565b48fc0
Event: 0.020 Thread 0x000001e565b4ad60 Thread added: 0x000001e565b4ad60


Dynamic libraries:
0x00007ff670d60000 - 0x00007ff670d70000 	C:\Program Files\Java\jdk-17\bin\java.exe
0x00007ffdb7470000 - 0x00007ffdb7687000 	C:\WINDOWS\SYSTEM32\ntdll.dll
0x00007ffdb5440000 - 0x00007ffdb5504000 	C:\WINDOWS\System32\KERNEL32.DLL
0x00007ffdb4bb0000 - 0x00007ffdb4f6a000 	C:\WINDOWS\System32\KERNELBASE.dll
0x00007ffdb4970000 - 0x00007ffdb4a81000 	C:\WINDOWS\System32\ucrtbase.dll
0x00007ffd84ba0000 - 0x00007ffd84bb9000 	C:\Program Files\Java\jdk-17\bin\jli.dll
0x00007ffd85e10000 - 0x00007ffd85e2b000 	C:\Program Files\Java\jdk-17\bin\VCRUNTIME140.dll
0x00007ffdb5c70000 - 0x00007ffdb5d22000 	C:\WINDOWS\System32\ADVAPI32.dll
0x00007ffdb5180000 - 0x00007ffdb5227000 	C:\WINDOWS\System32\msvcrt.dll
0x00007ffdb5a00000 - 0x00007ffdb5aa7000 	C:\WINDOWS\System32\sechost.dll
0x00007ffdb4750000 - 0x00007ffdb4778000 	C:\WINDOWS\System32\bcrypt.dll
0x00007ffdb6f80000 - 0x00007ffdb7094000 	C:\WINDOWS\System32\RPCRT4.dll
0x00007ffdb6cd0000 - 0x00007ffdb6e7e000 	C:\WINDOWS\System32\USER32.dll
0x00007ffdb48c0000 - 0x00007ffdb48e6000 	C:\WINDOWS\System32\win32u.dll
0x00007ffda2750000 - 0x00007ffda29e2000 	C:\WINDOWS\WinSxS\amd64_microsoft.windows.common-controls_6595b64144ccf1df_6.0.22621.4541_none_2710d1c57384c085\COMCTL32.dll
0x00007ffdb5230000 - 0x00007ffdb5259000 	C:\WINDOWS\System32\GDI32.dll
0x00007ffdb4a90000 - 0x00007ffdb4bab000 	C:\WINDOWS\System32\gdi32full.dll
0x00007ffdb4f70000 - 0x00007ffdb500a000 	C:\WINDOWS\System32\msvcp_win.dll
0x00007ffdab820000 - 0x00007ffdab82a000 	C:\WINDOWS\SYSTEM32\VERSION.dll
0x00007ffdb5e30000 - 0x00007ffdb5e61000 	C:\WINDOWS\System32\IMM32.DLL
0x00007ffd95d40000 - 0x00007ffd95d4c000 	C:\Program Files\Java\jdk-17\bin\vcruntime140_1.dll
0x00007ffd6d710000 - 0x00007ffd6d79e000 	C:\Program Files\Java\jdk-17\bin\msvcp140.dll
0x00007ffcfd300000 - 0x00007ffcfdee0000 	C:\Program Files\Java\jdk-17\bin\server\jvm.dll
0x00007ffdb59f0000 - 0x00007ffdb59f8000 	C:\WINDOWS\System32\PSAPI.DLL
0x00007ffdac5d0000 - 0x00007ffdac604000 	C:\WINDOWS\SYSTEM32\WINMM.dll
0x00007ffd8d6e0000 - 0x00007ffd8d6e9000 	C:\WINDOWS\SYSTEM32\WSOCK32.dll
0x00007ffdb5d90000 - 0x00007ffdb5e01000 	C:\WINDOWS\System32\WS2_32.dll
0x00007ffdb36f0000 - 0x00007ffdb3708000 	C:\WINDOWS\SYSTEM32\kernel.appcore.dll
0x00007ffd88230000 - 0x00007ffd8823a000 	C:\Program Files\Java\jdk-17\bin\jimage.dll
0x00007ffda8890000 - 0x00007ffda8ac2000 	C:\WINDOWS\SYSTEM32\DBGHELP.DLL
0x00007ffdb70a0000 - 0x00007ffdb742f000 	C:\WINDOWS\System32\combase.dll
0x00007ffdb6bf0000 - 0x00007ffdb6cc7000 	C:\WINDOWS\System32\OLEAUT32.dll
0x00007ffda0d20000 - 0x00007ffda0d52000 	C:\WINDOWS\SYSTEM32\dbgcore.DLL
0x00007ffdb4780000 - 0x00007ffdb47fb000 	C:\WINDOWS\System32\bcryptPrimitives.dll
0x00007ffd84840000 - 0x00007ffd84865000 	C:\Program Files\Java\jdk-17\bin\java.dll
0x00007ffd6d630000 - 0x00007ffd6d707000 	C:\Program Files\Java\jdk-17\bin\jsvml.dll

dbghelp: loaded successfully - version: 4.0.5 - missing functions: none
symbol engine: initialized successfully - sym options: 0x614 - pdb path: .;C:\Program Files\Java\jdk-17\bin;C:\WINDOWS\SYSTEM32;C:\WINDOWS\WinSxS\amd64_microsoft.windows.common-controls_6595b64144ccf1df_6.0.22621.4541_none_2710d1c57384c085;C:\Program Files\Java\jdk-17\bin\server

VM Arguments:
jvm_args: -Xmx64m -Xms64m -Dorg.gradle.appname=gradlew 
java_command: org.gradle.wrapper.GradleWrapperMain app:installDebug -PreactNativeDevServerPort=8081
java_class_path (initial): D:\WORD\FE_CampusPoly\android\\gradle\wrapper\gradle-wrapper.jar
Launcher Type: SUN_STANDARD

[Global flags]
     intx CICompilerCount                          = 12                                        {product} {ergonomic}
     uint ConcGCThreads                            = 3                                         {product} {ergonomic}
     uint G1ConcRefinementThreads                  = 13                                        {product} {ergonomic}
   size_t G1HeapRegionSize                         = 1048576                                   {product} {ergonomic}
    uintx GCDrainStackTargetSize                   = 64                                        {product} {ergonomic}
   size_t InitialHeapSize                          = 67108864                                  {product} {command line}
   size_t MarkStackSize                            = 4194304                                   {product} {ergonomic}
   size_t MaxHeapSize                              = 67108864                                  {product} {command line}
   size_t MaxNewSize                               = 39845888                                  {product} {ergonomic}
   size_t MinHeapDeltaBytes                        = 1048576                                   {product} {ergonomic}
   size_t MinHeapSize                              = 67108864                                  {product} {command line}
    uintx NonNMethodCodeHeapSize                   = 7602480                                {pd product} {ergonomic}
    uintx NonProfiledCodeHeapSize                  = 122027880                              {pd product} {ergonomic}
    uintx ProfiledCodeHeapSize                     = 122027880                              {pd product} {ergonomic}
    uintx ReservedCodeCacheSize                    = 251658240                              {pd product} {ergonomic}
     bool SegmentedCodeCache                       = true                                      {product} {ergonomic}
   size_t SoftMaxHeapSize                          = 67108864                               {manageable} {ergonomic}
     bool UseCompressedClassPointers               = true                           {product lp64_product} {ergonomic}
     bool UseCompressedOops                        = true                           {product lp64_product} {ergonomic}
     bool UseG1GC                                  = true                                      {product} {ergonomic}
     bool UseLargePagesIndividualAllocation        = false                                  {pd product} {ergonomic}

Logging:
Log output configuration:
 #0: stdout all=warning uptime,level,tags
 #1: stderr all=off uptime,level,tags

Environment Variables:
JAVA_HOME=C:\Program Files\Java\jdk-17
CLASSPATH=D:\WORD\FE_CampusPoly\android\\gradle\wrapper\gradle-wrapper.jar
PATH=D:\WORD\FE_CampusPoly\node_modules\.bin;D:\WORD\FE_CampusPoly\node_modules\.bin;D:\WORD\node_modules\.bin;D:\node_modules\.bin;C:\Users\singa\AppData\Roaming\npm\node_modules\npm\node_modules\@npmcli\run-script\lib\node-gyp-bin;D:\WORD\FE_CampusPoly\node_modules\.bin;D:\WORD\node_modules\.bin;D:\node_modules\.bin;C:\Users\singa\AppData\Roaming\npm\node_modules\npm\node_modules\@npmcli\run-script\lib\node-gyp-bin;C:\Program Files\Microsoft MPI\Bin\;C:\Program Files\Common Files\Oracle\Java\javapath;C:\WINDOWS\system32;C:\WINDOWS;C:\WINDOWS\System32\Wbem;C:\WINDOWS\System32\WindowsPowerShell\v1.0\;C:\WINDOWS\System32\OpenSSH\;D:\Flutter\flutter\bin;C:\Program Files\Cloudflare\Cloudflare WARP\;C:\ProgramData\chocolatey\bin;C:\Program Files (x86)\Yarn\bin\;C:\Program Files\nodejs\;C:\Program Files\dotnet\;C:\Program Files (x86)\NVIDIA Corporation\PhysX\Common;C:\Program Files (x86)\Microsoft SQL Server\160\Tools\Binn\;C:\Program Files\Microsoft SQL Server\160\Tools\Binn\;C:\Program Files\Microsoft SQL Server\Client SDK\ODBC\170\Tools\Binn\;C:\Program Files\Microsoft SQL Server\160\DTS\Binn\;C:\Program Files (x86)\Microsoft SQL Server\160\DTS\Binn\;C:\Program Files\Docker\Docker\resources\bin;C:\Program Files (x86)\oh-my-posh\bin;C:\Program Files\Git\cmd;C:\Users\singa\.cargo\bin;C:\Users\singa\.local\share\solana\install\active_release\bin;C:\Users\singa\AppData\Local\Programs\Python\Python311\Scripts\;C:\Users\singa\AppData\Local\Programs\Python\Python311\;C:\Users\singa\AppData\Local\Programs\Python\Launcher\;C:\Users\singa\AppData\Local\Android\Sdk\tools;C:\Users\singa\AppData\Local\Microsoft\WindowsApps;D:\VsCode\Microsoft VS Code\bin;C:\Users\singa\AppData\Local\Android\Sdk\platforms;C:\Users\singa\AppData\Local\Android\Sdk\platform-tools;C:\Users\singa\AppData\Local\Android\Sdk\emulator;D:\Flutter\flutter\bin;C:\Users\singa\AppData\Local\Yarn\bin;C:\Users\singa\AppData\Local\Pub\Cache\bin;C:\Users\singa\AppData\Roaming\npm;C:\Users\singa\AppData\Local\GitHubDesk
USERNAME=singa
LANG=en_US.UTF-8
OS=Windows_NT
PROCESSOR_IDENTIFIER=AMD64 Family 25 Model 80 Stepping 0, AuthenticAMD



---------------  S Y S T E M  ---------------

OS:
 Windows 11 , 64 bit Build 22621 (10.0.22621.4391)
OS uptime: 0 days 7:34 hours
Hyper-V role detected

CPU: total 16 (initial active 16) (16 cores per cpu, 2 threads per core) family 25 model 80 stepping 0 microcode 0x0, cx8, cmov, fxsr, ht, mmx, 3dnowpref, sse, sse2, sse3, ssse3, sse4a, sse4.1, sse4.2, popcnt, lzcnt, tsc, tscinvbit, avx, avx2, aes, erms, clmul, bmi1, bmi2, adx, sha, fma, vzeroupper, clflush, clflushopt, hv

Memory: 4k page, system-wide physical 15724M (1825M free)
TotalPageFile size 25724M (AvailPageFile size 21M)
current process WorkingSet (physical memory assigned to process): 26M, peak: 26M
current process commit charge ("private bytes"): 150M, peak: 150M

vm_info: Java HotSpot(TM) 64-Bit Server VM (17.0.11+7-LTS-207) for windows-amd64 JRE (17.0.11+7-LTS-207), built on Mar 11 2024 19:01:50 by "mach5one" with MS VC++ 17.6 (VS2022)

END.
